<?xml version="1.0" encoding="UTF-8"?>
<testng-results ignored="0" total="2" passed="2" failed="0" skipped="0">
  <reporter-output>
  </reporter-output>
  <suite started-at="2024-11-20T12:09:18 IST" name="Default suite" finished-at="2024-11-20T12:10:20 IST" duration-ms="62046">
    <groups>
    </groups>
    <test started-at="2024-11-20T12:09:18 IST" name="Default test" finished-at="2024-11-20T12:10:20 IST" duration-ms="62046">
      <class name="GTask.myyapp.MRIPageclicks">
        <test-method is-config="true" signature="setup()[pri:0, instance:GTask.myyapp.MRIPageclicks@2805d709]" started-at="2024-11-20T12:09:18 IST" name="setup" finished-at="2024-11-20T12:09:20 IST" duration-ms="1289" status="PASS">
          <reporter-output>
          </reporter-output>
        </test-method> <!-- setup -->
        <test-method signature="testSanity()[pri:1, instance:GTask.myyapp.MRIPageclicks@2805d709]" started-at="2024-11-20T12:09:20 IST" name="testSanity" finished-at="2024-11-20T12:09:20 IST" duration-ms="557" status="PASS">
          <reporter-output>
          </reporter-output>
        </test-method> <!-- testSanity -->
        <test-method signature="Videovalidate()[pri:2, instance:GTask.myyapp.MRIPageclicks@2805d709]" started-at="2024-11-20T12:09:20 IST" name="Videovalidate" finished-at="2024-11-20T12:10:20 IST" duration-ms="60004" status="PASS">
          <reporter-output>
          </reporter-output>
        </test-method> <!-- Videovalidate -->
        <test-method is-config="true" signature="tearDown()[pri:0, instance:GTask.myyapp.MRIPageclicks@2805d709]" started-at="2024-11-20T12:10:20 IST" name="tearDown" finished-at="2024-11-20T12:10:20 IST" duration-ms="170" status="PASS">
          <reporter-output>
          </reporter-output>
        </test-method> <!-- tearDown -->
      </class> <!-- GTask.myyapp.MRIPageclicks -->
    </test> <!-- Default test -->
  </suite> <!-- Default suite -->
</testng-results>
